{
  "RSpec": {
    "coverage": {
      "/home/bensouc/code/bensouc/vroadstudio/cine_api/config/environment.rb": {
        "lines": [
          null,
          1,
          null,
          null,
          1
        ]
      },
      "/home/bensouc/code/bensouc/vroadstudio/cine_api/config/application.rb": {
        "lines": [
          1,
          null,
          1,
          null,
          null,
          null,
          1,
          null,
          1,
          1,
          null,
          1,
          null,
          null,
          null,
          null,
          1,
          null,
          null,
          null,
          null,
          null,
          null,
          null,
          null,
          null,
          null,
          null,
          null,
          1,
          1,
          null,
          null
        ]
      },
      "/home/bensouc/code/bensouc/vroadstudio/cine_api/config/boot.rb": {
        "lines": [
          1,
          null,
          1,
          1
        ]
      },
      "/home/bensouc/code/bensouc/vroadstudio/cine_api/config/environments/test.rb": {
        "lines": [
          1,
          null,
          null,
          null,
          null,
          null,
          null,
          1,
          null,
          null,
          null,
          1,
          null,
          null,
          null,
          null,
          null,
          1,
          null,
          null,
          1,
          1,
          null,
          null,
          null,
          null,
          1,
          1,
          1,
          null,
          null,
          1,
          null,
          null,
          1,
          null,
          null,
          1,
          null,
          1,
          null,
          null,
          null,
          null,
          1,
          null,
          null,
          1,
          null,
          null,
          1,
          null,
          null,
          1,
          null,
          null,
          null,
          null,
          null,
          null,
          null,
          null,
          1,
          null
        ]
      },
      "/home/bensouc/code/bensouc/vroadstudio/cine_api/config/initializers/cors.rb": {
        "lines": [
          null,
          null,
          null,
          null,
          null,
          null,
          null,
          null,
          null,
          null,
          null,
          null,
          null,
          null,
          null,
          null
        ]
      },
      "/home/bensouc/code/bensouc/vroadstudio/cine_api/config/initializers/filter_parameter_logging.rb": {
        "lines": [
          null,
          null,
          null,
          null,
          null,
          1,
          null,
          null
        ]
      },
      "/home/bensouc/code/bensouc/vroadstudio/cine_api/config/initializers/inflections.rb": {
        "lines": [
          null,
          null,
          null,
          null,
          null,
          null,
          null,
          null,
          null,
          null,
          null,
          null,
          null,
          null,
          null,
          null
        ]
      },
      "/home/bensouc/code/bensouc/vroadstudio/cine_api/config/initializers/rack_attack.rb": {
        "lines": [
          null,
          1,
          4,
          null,
          null,
          null,
          1,
          0,
          null,
          null,
          null,
          null,
          null,
          null,
          1,
          4,
          4,
          null,
          null,
          null,
          null,
          1,
          4,
          null,
          null,
          2,
          null,
          null,
          null,
          1,
          0,
          null,
          null,
          null,
          null
        ]
      },
      "/home/bensouc/code/bensouc/vroadstudio/cine_api/spec/factories/actor.rb": {
        "lines": [
          null,
          null,
          1,
          1,
          3,
          3,
          3,
          null,
          null
        ]
      },
      "/home/bensouc/code/bensouc/vroadstudio/cine_api/spec/factories/director.rb": {
        "lines": [
          null,
          null,
          1,
          1,
          4,
          4,
          4,
          null,
          null
        ]
      },
      "/home/bensouc/code/bensouc/vroadstudio/cine_api/spec/factories/movie.rb": {
        "lines": [
          null,
          null,
          1,
          1,
          4,
          5,
          5,
          1,
          null,
          null
        ]
      },
      "/home/bensouc/code/bensouc/vroadstudio/cine_api/spec/factories/role.rb": {
        "lines": [
          null,
          null,
          1,
          1,
          3,
          1,
          1,
          null,
          null
        ]
      },
      "/home/bensouc/code/bensouc/vroadstudio/cine_api/spec/factories/user.rb": {
        "lines": [
          null,
          null,
          1,
          1,
          1,
          1,
          null,
          null
        ]
      },
      "/home/bensouc/code/bensouc/vroadstudio/cine_api/config/routes.rb": {
        "lines": [
          1,
          1,
          null,
          1,
          1,
          1,
          1,
          1,
          1,
          null,
          null,
          null,
          null,
          null,
          1,
          null,
          null,
          null
        ]
      },
      "/home/bensouc/code/bensouc/vroadstudio/cine_api/app/models/movie.rb": {
        "lines": [
          1,
          1,
          1,
          1,
          1,
          null
        ]
      },
      "/home/bensouc/code/bensouc/vroadstudio/cine_api/app/models/application_record.rb": {
        "lines": [
          1,
          1,
          null
        ]
      },
      "/home/bensouc/code/bensouc/vroadstudio/cine_api/spec/models/user_spec.rb": {
        "lines": [
          1,
          null,
          1,
          1,
          2,
          2,
          2,
          null,
          null,
          1,
          1,
          1,
          1,
          null,
          null,
          null
        ]
      },
      "/home/bensouc/code/bensouc/vroadstudio/cine_api/app/models/user.rb": {
        "lines": [
          1,
          1,
          1,
          1,
          1,
          null
        ]
      },
      "/home/bensouc/code/bensouc/vroadstudio/cine_api/spec/requests/ap1/v1/movies_spec.rb": {
        "lines": [
          1,
          null,
          1,
          1,
          2,
          2,
          2,
          2,
          2,
          null,
          1,
          1,
          null,
          null,
          null,
          1,
          1,
          1,
          3,
          1,
          null,
          null,
          null
        ]
      },
      "/home/bensouc/code/bensouc/vroadstudio/cine_api/spec/requests/ap1/v1/sessions_spec.rb": {
        "lines": [
          1,
          null,
          1,
          1,
          3,
          null,
          1,
          1,
          1,
          1,
          1,
          null,
          null,
          null,
          1,
          1,
          1,
          1,
          1,
          null,
          null,
          null,
          null,
          1,
          2,
          2,
          null,
          1,
          1,
          1,
          1,
          null,
          null,
          null
        ]
      },
      "/home/bensouc/code/bensouc/vroadstudio/cine_api/app/models/director.rb": {
        "lines": [
          1,
          1,
          null
        ]
      },
      "/home/bensouc/code/bensouc/vroadstudio/cine_api/app/models/role.rb": {
        "lines": [
          1,
          1,
          1,
          null
        ]
      },
      "/home/bensouc/code/bensouc/vroadstudio/cine_api/app/models/actor.rb": {
        "lines": [
          1,
          1,
          1,
          null
        ]
      },
      "/home/bensouc/code/bensouc/vroadstudio/cine_api/app/modules/auth/json_web_token.rb": {
        "lines": [
          1,
          1,
          1,
          null,
          1,
          3,
          3,
          null,
          null,
          1,
          2,
          2,
          null,
          0,
          null,
          null,
          null
        ]
      },
      "/home/bensouc/code/bensouc/vroadstudio/cine_api/app/controllers/api/v1/movies_controller.rb": {
        "lines": [
          1,
          1,
          1,
          null,
          null,
          1,
          0,
          0,
          0,
          null,
          0,
          null,
          null,
          null,
          null,
          null,
          null,
          null,
          null,
          null,
          null,
          null,
          1,
          null,
          1,
          0,
          null,
          null
        ]
      },
      "/home/bensouc/code/bensouc/vroadstudio/cine_api/app/controllers/application_controller.rb": {
        "lines": [
          1,
          1,
          null,
          1,
          null,
          1,
          null,
          1,
          2,
          2,
          null,
          null
        ]
      },
      "/home/bensouc/code/bensouc/vroadstudio/cine_api/app/modules/auth/authenticate_request.rb": {
        "lines": [
          1,
          1,
          1,
          2,
          null,
          null,
          1,
          2,
          null,
          null,
          1,
          null,
          1,
          null,
          1,
          2,
          null,
          0,
          null,
          null,
          1,
          4,
          null,
          null,
          1,
          2,
          2,
          null,
          null,
          null,
          null,
          null
        ]
      },
      "/home/bensouc/code/bensouc/vroadstudio/cine_api/app/controllers/api/v1/sessions_controller.rb": {
        "lines": [
          1,
          1,
          1,
          2,
          2,
          1,
          1,
          null,
          1,
          null,
          null,
          null,
          1,
          1,
          null,
          null
        ]
      }
    },
    "timestamp": 1747834159
  }
}
